{"D:\\MERG_MEAN_STACK\\PRODUCT_MANAGE\\server\\index.js": {"path":"D:\\MERG_MEAN_STACK\\PRODUCT_MANAGE\\server\\index.js","statementMap":{"0":{"start":{"line":1,"column":16},"end":{"line":1,"column":34}},"1":{"start":{"line":2,"column":15},"end":{"line":2,"column":32}},"2":{"start":{"line":3,"column":0},"end":{"line":3,"column":16}},"3":{"start":{"line":5,"column":15},"end":{"line":5,"column":41}},"4":{"start":{"line":6,"column":19},"end":{"line":6,"column":49}},"5":{"start":{"line":8,"column":12},"end":{"line":8,"column":21}},"6":{"start":{"line":10,"column":0},"end":{"line":10,"column":5}},"7":{"start":{"line":11,"column":0},"end":{"line":11,"column":12}},"8":{"start":{"line":13,"column":13},"end":{"line":13,"column":37}},"9":{"start":{"line":14,"column":15},"end":{"line":16,"column":1}},"10":{"start":{"line":15,"column":2},"end":{"line":15,"column":45}},"11":{"start":{"line":18,"column":0},"end":{"line":18,"column":24}}},"fnMap":{"0":{"name":"(anonymous_0)","decl":{"start":{"line":14,"column":32},"end":{"line":14,"column":33}},"loc":{"start":{"line":15,"column":2},"end":{"line":15,"column":45}},"line":15}},"branchMap":{"0":{"loc":{"start":{"line":13,"column":13},"end":{"line":13,"column":37}},"type":"binary-expr","locations":[{"start":{"line":13,"column":13},"end":{"line":13,"column":29}},{"start":{"line":13,"column":33},"end":{"line":13,"column":37}}],"line":13}},"s":{"0":2,"1":2,"2":2,"3":2,"4":2,"5":2,"6":2,"7":2,"8":2,"9":2,"10":2,"11":2},"f":{"0":2},"b":{"0":[2,2]},"_coverageSchema":"1a1c01bbd47fc00a2c39e90264f33305004495a9","hash":"631eef6028f9fe3af4ee7dcd14c0f7fd0e000510"}
,"D:\\MERG_MEAN_STACK\\PRODUCT_MANAGE\\server\\controllers\\auth.js": {"path":"D:\\MERG_MEAN_STACK\\PRODUCT_MANAGE\\server\\controllers\\auth.js","statementMap":{"0":{"start":{"line":1,"column":15},"end":{"line":1,"column":32}},"1":{"start":{"line":2,"column":12},"end":{"line":2,"column":26}},"2":{"start":{"line":3,"column":10},"end":{"line":3,"column":27}},"3":{"start":{"line":4,"column":15},"end":{"line":4,"column":32}},"4":{"start":{"line":5,"column":0},"end":{"line":5,"column":16}},"5":{"start":{"line":7,"column":17},"end":{"line":7,"column":42}},"6":{"start":{"line":9,"column":0},"end":{"line":29,"column":2}},"7":{"start":{"line":10,"column":2},"end":{"line":28,"column":3}},"8":{"start":{"line":11,"column":22},"end":{"line":11,"column":40}},"9":{"start":{"line":12,"column":4},"end":{"line":12,"column":69}},"10":{"start":{"line":12,"column":15},"end":{"line":12,"column":69}},"11":{"start":{"line":14,"column":15},"end":{"line":14,"column":60}},"12":{"start":{"line":15,"column":4},"end":{"line":15,"column":73}},"13":{"start":{"line":15,"column":15},"end":{"line":15,"column":73}},"14":{"start":{"line":17,"column":26},"end":{"line":20,"column":5}},"15":{"start":{"line":21,"column":4},"end":{"line":22,"column":64}},"16":{"start":{"line":22,"column":6},"end":{"line":22,"column":64}},"17":{"start":{"line":24,"column":18},"end":{"line":24,"column":42}},"18":{"start":{"line":25,"column":4},"end":{"line":25,"column":20}},"19":{"start":{"line":27,"column":4},"end":{"line":27,"column":23}},"20":{"start":{"line":32,"column":17},"end":{"line":35,"column":4}},"21":{"start":{"line":37,"column":2},"end":{"line":37,"column":30}}},"fnMap":{"0":{"name":"(anonymous_0)","decl":{"start":{"line":9,"column":30},"end":{"line":9,"column":31}},"loc":{"start":{"line":9,"column":50},"end":{"line":29,"column":1}},"line":9},"1":{"name":"validate","decl":{"start":{"line":31,"column":9},"end":{"line":31,"column":17}},"loc":{"start":{"line":31,"column":23},"end":{"line":38,"column":1}},"line":31}},"branchMap":{"0":{"loc":{"start":{"line":12,"column":4},"end":{"line":12,"column":69}},"type":"if","locations":[{"start":{"line":12,"column":4},"end":{"line":12,"column":69}},{"start":{"line":12,"column":4},"end":{"line":12,"column":69}}],"line":12},"1":{"loc":{"start":{"line":15,"column":4},"end":{"line":15,"column":73}},"type":"if","locations":[{"start":{"line":15,"column":4},"end":{"line":15,"column":73}},{"start":{"line":15,"column":4},"end":{"line":15,"column":73}}],"line":15},"2":{"loc":{"start":{"line":21,"column":4},"end":{"line":22,"column":64}},"type":"if","locations":[{"start":{"line":21,"column":4},"end":{"line":22,"column":64}},{"start":{"line":21,"column":4},"end":{"line":22,"column":64}}],"line":21}},"s":{"0":2,"1":2,"2":2,"3":2,"4":2,"5":2,"6":2,"7":0,"8":0,"9":0,"10":0,"11":0,"12":0,"13":0,"14":0,"15":0,"16":0,"17":0,"18":0,"19":0,"20":0,"21":0},"f":{"0":0,"1":0},"b":{"0":[0,0],"1":[0,0],"2":[0,0]},"_coverageSchema":"1a1c01bbd47fc00a2c39e90264f33305004495a9","hash":"8c91698dc254c61fb249375d8490dbeed56d039e"}
,"D:\\MERG_MEAN_STACK\\PRODUCT_MANAGE\\server\\controllers\\comments.js": {"path":"D:\\MERG_MEAN_STACK\\PRODUCT_MANAGE\\server\\controllers\\comments.js","statementMap":{"0":{"start":{"line":1,"column":30},"end":{"line":1,"column":63}},"1":{"start":{"line":2,"column":17},"end":{"line":2,"column":36}},"2":{"start":{"line":4,"column":0},"end":{"line":11,"column":2}},"3":{"start":{"line":5,"column":2},"end":{"line":10,"column":3}},"4":{"start":{"line":6,"column":21},"end":{"line":6,"column":41}},"5":{"start":{"line":7,"column":4},"end":{"line":7,"column":23}},"6":{"start":{"line":9,"column":4},"end":{"line":9,"column":23}},"7":{"start":{"line":13,"column":0},"end":{"line":25,"column":2}},"8":{"start":{"line":14,"column":2},"end":{"line":24,"column":3}},"9":{"start":{"line":15,"column":4},"end":{"line":16,"column":48}},"10":{"start":{"line":16,"column":6},"end":{"line":16,"column":48}},"11":{"start":{"line":17,"column":20},"end":{"line":17,"column":57}},"12":{"start":{"line":18,"column":4},"end":{"line":19,"column":70}},"13":{"start":{"line":19,"column":6},"end":{"line":19,"column":70}},"14":{"start":{"line":20,"column":4},"end":{"line":20,"column":22}},"15":{"start":{"line":22,"column":4},"end":{"line":22,"column":49}},"16":{"start":{"line":23,"column":4},"end":{"line":23,"column":23}},"17":{"start":{"line":27,"column":0},"end":{"line":41,"column":2}},"18":{"start":{"line":28,"column":2},"end":{"line":40,"column":3}},"19":{"start":{"line":29,"column":22},"end":{"line":29,"column":40}},"20":{"start":{"line":30,"column":4},"end":{"line":30,"column":69}},"21":{"start":{"line":30,"column":15},"end":{"line":30,"column":69}},"22":{"start":{"line":31,"column":18},"end":{"line":35,"column":6}},"23":{"start":{"line":36,"column":4},"end":{"line":36,"column":25}},"24":{"start":{"line":37,"column":4},"end":{"line":37,"column":22}},"25":{"start":{"line":39,"column":4},"end":{"line":39,"column":49}},"26":{"start":{"line":43,"column":0},"end":{"line":64,"column":2}},"27":{"start":{"line":44,"column":2},"end":{"line":63,"column":3}},"28":{"start":{"line":45,"column":22},"end":{"line":45,"column":40}},"29":{"start":{"line":46,"column":4},"end":{"line":46,"column":69}},"30":{"start":{"line":46,"column":15},"end":{"line":46,"column":69}},"31":{"start":{"line":47,"column":20},"end":{"line":53,"column":5}},"32":{"start":{"line":55,"column":4},"end":{"line":58,"column":62}},"33":{"start":{"line":56,"column":6},"end":{"line":58,"column":62}},"34":{"start":{"line":60,"column":4},"end":{"line":60,"column":22}},"35":{"start":{"line":62,"column":4},"end":{"line":62,"column":23}},"36":{"start":{"line":66,"column":0},"end":{"line":76,"column":2}},"37":{"start":{"line":67,"column":2},"end":{"line":75,"column":3}},"38":{"start":{"line":68,"column":20},"end":{"line":68,"column":66}},"39":{"start":{"line":69,"column":4},"end":{"line":71,"column":5}},"40":{"start":{"line":70,"column":6},"end":{"line":70,"column":80}},"41":{"start":{"line":72,"column":4},"end":{"line":72,"column":22}},"42":{"start":{"line":74,"column":4},"end":{"line":74,"column":23}}},"fnMap":{"0":{"name":"(anonymous_0)","decl":{"start":{"line":4,"column":29},"end":{"line":4,"column":30}},"loc":{"start":{"line":4,"column":49},"end":{"line":11,"column":1}},"line":4},"1":{"name":"(anonymous_1)","decl":{"start":{"line":13,"column":28},"end":{"line":13,"column":29}},"loc":{"start":{"line":13,"column":48},"end":{"line":25,"column":1}},"line":13},"2":{"name":"(anonymous_2)","decl":{"start":{"line":27,"column":31},"end":{"line":27,"column":32}},"loc":{"start":{"line":27,"column":51},"end":{"line":41,"column":1}},"line":27},"3":{"name":"(anonymous_3)","decl":{"start":{"line":43,"column":31},"end":{"line":43,"column":32}},"loc":{"start":{"line":43,"column":51},"end":{"line":64,"column":1}},"line":43},"4":{"name":"(anonymous_4)","decl":{"start":{"line":66,"column":31},"end":{"line":66,"column":32}},"loc":{"start":{"line":66,"column":51},"end":{"line":76,"column":1}},"line":66}},"branchMap":{"0":{"loc":{"start":{"line":15,"column":4},"end":{"line":16,"column":48}},"type":"if","locations":[{"start":{"line":15,"column":4},"end":{"line":16,"column":48}},{"start":{"line":15,"column":4},"end":{"line":16,"column":48}}],"line":15},"1":{"loc":{"start":{"line":18,"column":4},"end":{"line":19,"column":70}},"type":"if","locations":[{"start":{"line":18,"column":4},"end":{"line":19,"column":70}},{"start":{"line":18,"column":4},"end":{"line":19,"column":70}}],"line":18},"2":{"loc":{"start":{"line":30,"column":4},"end":{"line":30,"column":69}},"type":"if","locations":[{"start":{"line":30,"column":4},"end":{"line":30,"column":69}},{"start":{"line":30,"column":4},"end":{"line":30,"column":69}}],"line":30},"3":{"loc":{"start":{"line":46,"column":4},"end":{"line":46,"column":69}},"type":"if","locations":[{"start":{"line":46,"column":4},"end":{"line":46,"column":69}},{"start":{"line":46,"column":4},"end":{"line":46,"column":69}}],"line":46},"4":{"loc":{"start":{"line":55,"column":4},"end":{"line":58,"column":62}},"type":"if","locations":[{"start":{"line":55,"column":4},"end":{"line":58,"column":62}},{"start":{"line":55,"column":4},"end":{"line":58,"column":62}}],"line":55},"5":{"loc":{"start":{"line":69,"column":4},"end":{"line":71,"column":5}},"type":"if","locations":[{"start":{"line":69,"column":4},"end":{"line":71,"column":5}},{"start":{"line":69,"column":4},"end":{"line":71,"column":5}}],"line":69}},"s":{"0":2,"1":2,"2":2,"3":1,"4":1,"5":1,"6":0,"7":2,"8":2,"9":2,"10":0,"11":2,"12":2,"13":1,"14":1,"15":0,"16":0,"17":2,"18":4,"19":4,"20":4,"21":1,"22":3,"23":3,"24":3,"25":0,"26":2,"27":0,"28":0,"29":0,"30":0,"31":0,"32":0,"33":0,"34":0,"35":0,"36":2,"37":0,"38":0,"39":0,"40":0,"41":0,"42":0},"f":{"0":1,"1":2,"2":4,"3":0,"4":0},"b":{"0":[0,2],"1":[1,1],"2":[1,3],"3":[0,0],"4":[0,0],"5":[0,0]},"_coverageSchema":"1a1c01bbd47fc00a2c39e90264f33305004495a9","hash":"df53562ee92bc54a44338d30894700af9aae3dfc"}
,"D:\\MERG_MEAN_STACK\\PRODUCT_MANAGE\\server\\controllers\\ingredients.js": {"path":"D:\\MERG_MEAN_STACK\\PRODUCT_MANAGE\\server\\controllers\\ingredients.js","statementMap":{"0":{"start":{"line":1,"column":33},"end":{"line":1,"column":66}},"1":{"start":{"line":3,"column":0},"end":{"line":10,"column":2}},"2":{"start":{"line":4,"column":2},"end":{"line":9,"column":3}},"3":{"start":{"line":5,"column":24},"end":{"line":5,"column":47}},"4":{"start":{"line":6,"column":4},"end":{"line":6,"column":26}},"5":{"start":{"line":8,"column":4},"end":{"line":8,"column":23}},"6":{"start":{"line":12,"column":0},"end":{"line":20,"column":2}},"7":{"start":{"line":13,"column":2},"end":{"line":19,"column":3}},"8":{"start":{"line":14,"column":23},"end":{"line":14,"column":63}},"9":{"start":{"line":15,"column":4},"end":{"line":15,"column":25}},"10":{"start":{"line":17,"column":4},"end":{"line":17,"column":49}},"11":{"start":{"line":18,"column":4},"end":{"line":18,"column":23}},"12":{"start":{"line":22,"column":0},"end":{"line":36,"column":2}},"13":{"start":{"line":23,"column":2},"end":{"line":35,"column":3}},"14":{"start":{"line":24,"column":22},"end":{"line":24,"column":40}},"15":{"start":{"line":25,"column":4},"end":{"line":25,"column":39}},"16":{"start":{"line":26,"column":4},"end":{"line":26,"column":69}},"17":{"start":{"line":26,"column":15},"end":{"line":26,"column":69}},"18":{"start":{"line":27,"column":21},"end":{"line":30,"column":6}},"19":{"start":{"line":31,"column":4},"end":{"line":31,"column":28}},"20":{"start":{"line":32,"column":4},"end":{"line":32,"column":25}},"21":{"start":{"line":34,"column":4},"end":{"line":34,"column":49}},"22":{"start":{"line":38,"column":0},"end":{"line":62,"column":2}},"23":{"start":{"line":39,"column":2},"end":{"line":61,"column":3}},"24":{"start":{"line":40,"column":22},"end":{"line":40,"column":40}},"25":{"start":{"line":41,"column":4},"end":{"line":41,"column":69}},"26":{"start":{"line":41,"column":15},"end":{"line":41,"column":69}},"27":{"start":{"line":42,"column":23},"end":{"line":51,"column":5}},"28":{"start":{"line":53,"column":4},"end":{"line":56,"column":65}},"29":{"start":{"line":54,"column":6},"end":{"line":56,"column":65}},"30":{"start":{"line":58,"column":4},"end":{"line":58,"column":25}},"31":{"start":{"line":60,"column":4},"end":{"line":60,"column":23}},"32":{"start":{"line":64,"column":0},"end":{"line":76,"column":2}},"33":{"start":{"line":65,"column":2},"end":{"line":75,"column":3}},"34":{"start":{"line":66,"column":23},"end":{"line":66,"column":72}},"35":{"start":{"line":67,"column":4},"end":{"line":71,"column":5}},"36":{"start":{"line":68,"column":6},"end":{"line":70,"column":63}},"37":{"start":{"line":72,"column":4},"end":{"line":72,"column":25}},"38":{"start":{"line":74,"column":4},"end":{"line":74,"column":23}}},"fnMap":{"0":{"name":"(anonymous_0)","decl":{"start":{"line":3,"column":32},"end":{"line":3,"column":33}},"loc":{"start":{"line":3,"column":52},"end":{"line":10,"column":1}},"line":3},"1":{"name":"(anonymous_1)","decl":{"start":{"line":12,"column":31},"end":{"line":12,"column":32}},"loc":{"start":{"line":12,"column":51},"end":{"line":20,"column":1}},"line":12},"2":{"name":"(anonymous_2)","decl":{"start":{"line":22,"column":34},"end":{"line":22,"column":35}},"loc":{"start":{"line":22,"column":54},"end":{"line":36,"column":1}},"line":22},"3":{"name":"(anonymous_3)","decl":{"start":{"line":38,"column":34},"end":{"line":38,"column":35}},"loc":{"start":{"line":38,"column":54},"end":{"line":62,"column":1}},"line":38},"4":{"name":"(anonymous_4)","decl":{"start":{"line":64,"column":34},"end":{"line":64,"column":35}},"loc":{"start":{"line":64,"column":54},"end":{"line":76,"column":1}},"line":64}},"branchMap":{"0":{"loc":{"start":{"line":26,"column":4},"end":{"line":26,"column":69}},"type":"if","locations":[{"start":{"line":26,"column":4},"end":{"line":26,"column":69}},{"start":{"line":26,"column":4},"end":{"line":26,"column":69}}],"line":26},"1":{"loc":{"start":{"line":41,"column":4},"end":{"line":41,"column":69}},"type":"if","locations":[{"start":{"line":41,"column":4},"end":{"line":41,"column":69}},{"start":{"line":41,"column":4},"end":{"line":41,"column":69}}],"line":41},"2":{"loc":{"start":{"line":53,"column":4},"end":{"line":56,"column":65}},"type":"if","locations":[{"start":{"line":53,"column":4},"end":{"line":56,"column":65}},{"start":{"line":53,"column":4},"end":{"line":56,"column":65}}],"line":53},"3":{"loc":{"start":{"line":67,"column":4},"end":{"line":71,"column":5}},"type":"if","locations":[{"start":{"line":67,"column":4},"end":{"line":71,"column":5}},{"start":{"line":67,"column":4},"end":{"line":71,"column":5}}],"line":67}},"s":{"0":2,"1":2,"2":0,"3":0,"4":0,"5":0,"6":2,"7":0,"8":0,"9":0,"10":0,"11":0,"12":2,"13":0,"14":0,"15":0,"16":0,"17":0,"18":0,"19":0,"20":0,"21":0,"22":2,"23":0,"24":0,"25":0,"26":0,"27":0,"28":0,"29":0,"30":0,"31":0,"32":2,"33":0,"34":0,"35":0,"36":0,"37":0,"38":0},"f":{"0":0,"1":0,"2":0,"3":0,"4":0},"b":{"0":[0,0],"1":[0,0],"2":[0,0],"3":[0,0]},"_coverageSchema":"1a1c01bbd47fc00a2c39e90264f33305004495a9","hash":"a3f5f71c30cf80bac4f84c2d3798c6e7ca900580"}
,"D:\\MERG_MEAN_STACK\\PRODUCT_MANAGE\\server\\controllers\\products.js": {"path":"D:\\MERG_MEAN_STACK\\PRODUCT_MANAGE\\server\\controllers\\products.js","statementMap":{"0":{"start":{"line":1,"column":30},"end":{"line":1,"column":63}},"1":{"start":{"line":2,"column":37},"end":{"line":2,"column":70}},"2":{"start":{"line":6,"column":4},"end":{"line":6,"column":40}},"3":{"start":{"line":8,"column":20},"end":{"line":15,"column":1}},"4":{"start":{"line":9,"column":2},"end":{"line":14,"column":3}},"5":{"start":{"line":10,"column":21},"end":{"line":10,"column":41}},"6":{"start":{"line":11,"column":4},"end":{"line":11,"column":23}},"7":{"start":{"line":13,"column":4},"end":{"line":13,"column":49}},"8":{"start":{"line":17,"column":19},"end":{"line":24,"column":1}},"9":{"start":{"line":18,"column":2},"end":{"line":23,"column":3}},"10":{"start":{"line":19,"column":20},"end":{"line":19,"column":57}},"11":{"start":{"line":20,"column":4},"end":{"line":20,"column":22}},"12":{"start":{"line":22,"column":4},"end":{"line":22,"column":23}},"13":{"start":{"line":26,"column":22},"end":{"line":46,"column":1}},"14":{"start":{"line":27,"column":2},"end":{"line":45,"column":3}},"15":{"start":{"line":28,"column":22},"end":{"line":28,"column":40}},"16":{"start":{"line":29,"column":4},"end":{"line":29,"column":69}},"17":{"start":{"line":29,"column":15},"end":{"line":29,"column":69}},"18":{"start":{"line":30,"column":18},"end":{"line":40,"column":6}},"19":{"start":{"line":41,"column":4},"end":{"line":41,"column":25}},"20":{"start":{"line":42,"column":4},"end":{"line":42,"column":22}},"21":{"start":{"line":44,"column":4},"end":{"line":44,"column":23}},"22":{"start":{"line":48,"column":19},"end":{"line":64,"column":1}},"23":{"start":{"line":49,"column":2},"end":{"line":63,"column":3}},"24":{"start":{"line":50,"column":22},"end":{"line":50,"column":47}},"25":{"start":{"line":51,"column":4},"end":{"line":51,"column":69}},"26":{"start":{"line":51,"column":15},"end":{"line":51,"column":69}},"27":{"start":{"line":52,"column":20},"end":{"line":52,"column":57}},"28":{"start":{"line":53,"column":23},"end":{"line":57,"column":6}},"29":{"start":{"line":58,"column":4},"end":{"line":58,"column":38}},"30":{"start":{"line":59,"column":4},"end":{"line":59,"column":25}},"31":{"start":{"line":60,"column":4},"end":{"line":60,"column":22}},"32":{"start":{"line":62,"column":4},"end":{"line":62,"column":23}},"33":{"start":{"line":66,"column":22},"end":{"line":84,"column":1}},"34":{"start":{"line":67,"column":2},"end":{"line":83,"column":3}},"35":{"start":{"line":68,"column":22},"end":{"line":68,"column":50}},"36":{"start":{"line":69,"column":4},"end":{"line":69,"column":69}},"37":{"start":{"line":69,"column":15},"end":{"line":69,"column":69}},"38":{"start":{"line":70,"column":20},"end":{"line":70,"column":57}},"39":{"start":{"line":71,"column":4},"end":{"line":73,"column":5}},"40":{"start":{"line":72,"column":6},"end":{"line":72,"column":80}},"41":{"start":{"line":74,"column":26},"end":{"line":77,"column":6}},"42":{"start":{"line":78,"column":4},"end":{"line":78,"column":44}},"43":{"start":{"line":79,"column":4},"end":{"line":79,"column":25}},"44":{"start":{"line":80,"column":4},"end":{"line":80,"column":22}},"45":{"start":{"line":82,"column":4},"end":{"line":82,"column":23}},"46":{"start":{"line":86,"column":22},"end":{"line":108,"column":1}},"47":{"start":{"line":87,"column":2},"end":{"line":107,"column":3}},"48":{"start":{"line":88,"column":22},"end":{"line":88,"column":40}},"49":{"start":{"line":89,"column":4},"end":{"line":89,"column":69}},"50":{"start":{"line":89,"column":15},"end":{"line":89,"column":69}},"51":{"start":{"line":91,"column":20},"end":{"line":97,"column":5}},"52":{"start":{"line":99,"column":4},"end":{"line":102,"column":62}},"53":{"start":{"line":100,"column":6},"end":{"line":102,"column":62}},"54":{"start":{"line":104,"column":4},"end":{"line":104,"column":22}},"55":{"start":{"line":106,"column":4},"end":{"line":106,"column":23}},"56":{"start":{"line":110,"column":22},"end":{"line":121,"column":1}},"57":{"start":{"line":111,"column":2},"end":{"line":120,"column":3}},"58":{"start":{"line":112,"column":20},"end":{"line":112,"column":66}},"59":{"start":{"line":114,"column":4},"end":{"line":116,"column":5}},"60":{"start":{"line":115,"column":6},"end":{"line":115,"column":80}},"61":{"start":{"line":117,"column":4},"end":{"line":117,"column":22}},"62":{"start":{"line":119,"column":4},"end":{"line":119,"column":23}},"63":{"start":{"line":123,"column":0},"end":{"line":131,"column":2}}},"fnMap":{"0":{"name":"(anonymous_0)","decl":{"start":{"line":8,"column":20},"end":{"line":8,"column":21}},"loc":{"start":{"line":8,"column":40},"end":{"line":15,"column":1}},"line":8},"1":{"name":"(anonymous_1)","decl":{"start":{"line":17,"column":19},"end":{"line":17,"column":20}},"loc":{"start":{"line":17,"column":39},"end":{"line":24,"column":1}},"line":17},"2":{"name":"(anonymous_2)","decl":{"start":{"line":26,"column":22},"end":{"line":26,"column":23}},"loc":{"start":{"line":26,"column":42},"end":{"line":46,"column":1}},"line":26},"3":{"name":"(anonymous_3)","decl":{"start":{"line":48,"column":19},"end":{"line":48,"column":20}},"loc":{"start":{"line":48,"column":39},"end":{"line":64,"column":1}},"line":48},"4":{"name":"(anonymous_4)","decl":{"start":{"line":66,"column":22},"end":{"line":66,"column":23}},"loc":{"start":{"line":66,"column":42},"end":{"line":84,"column":1}},"line":66},"5":{"name":"(anonymous_5)","decl":{"start":{"line":86,"column":22},"end":{"line":86,"column":23}},"loc":{"start":{"line":86,"column":42},"end":{"line":108,"column":1}},"line":86},"6":{"name":"(anonymous_6)","decl":{"start":{"line":110,"column":22},"end":{"line":110,"column":23}},"loc":{"start":{"line":110,"column":42},"end":{"line":121,"column":1}},"line":110}},"branchMap":{"0":{"loc":{"start":{"line":29,"column":4},"end":{"line":29,"column":69}},"type":"if","locations":[{"start":{"line":29,"column":4},"end":{"line":29,"column":69}},{"start":{"line":29,"column":4},"end":{"line":29,"column":69}}],"line":29},"1":{"loc":{"start":{"line":51,"column":4},"end":{"line":51,"column":69}},"type":"if","locations":[{"start":{"line":51,"column":4},"end":{"line":51,"column":69}},{"start":{"line":51,"column":4},"end":{"line":51,"column":69}}],"line":51},"2":{"loc":{"start":{"line":69,"column":4},"end":{"line":69,"column":69}},"type":"if","locations":[{"start":{"line":69,"column":4},"end":{"line":69,"column":69}},{"start":{"line":69,"column":4},"end":{"line":69,"column":69}}],"line":69},"3":{"loc":{"start":{"line":71,"column":4},"end":{"line":73,"column":5}},"type":"if","locations":[{"start":{"line":71,"column":4},"end":{"line":73,"column":5}},{"start":{"line":71,"column":4},"end":{"line":73,"column":5}}],"line":71},"4":{"loc":{"start":{"line":89,"column":4},"end":{"line":89,"column":69}},"type":"if","locations":[{"start":{"line":89,"column":4},"end":{"line":89,"column":69}},{"start":{"line":89,"column":4},"end":{"line":89,"column":69}}],"line":89},"5":{"loc":{"start":{"line":99,"column":4},"end":{"line":102,"column":62}},"type":"if","locations":[{"start":{"line":99,"column":4},"end":{"line":102,"column":62}},{"start":{"line":99,"column":4},"end":{"line":102,"column":62}}],"line":99},"6":{"loc":{"start":{"line":114,"column":4},"end":{"line":116,"column":5}},"type":"if","locations":[{"start":{"line":114,"column":4},"end":{"line":116,"column":5}},{"start":{"line":114,"column":4},"end":{"line":116,"column":5}}],"line":114}},"s":{"0":2,"1":2,"2":2,"3":2,"4":0,"5":0,"6":0,"7":0,"8":2,"9":0,"10":0,"11":0,"12":0,"13":2,"14":0,"15":0,"16":0,"17":0,"18":0,"19":0,"20":0,"21":0,"22":2,"23":0,"24":0,"25":0,"26":0,"27":0,"28":0,"29":0,"30":0,"31":0,"32":0,"33":2,"34":0,"35":0,"36":0,"37":0,"38":0,"39":0,"40":0,"41":0,"42":0,"43":0,"44":0,"45":0,"46":2,"47":0,"48":0,"49":0,"50":0,"51":0,"52":0,"53":0,"54":0,"55":0,"56":2,"57":0,"58":0,"59":0,"60":0,"61":0,"62":0,"63":2},"f":{"0":0,"1":0,"2":0,"3":0,"4":0,"5":0,"6":0},"b":{"0":[0,0],"1":[0,0],"2":[0,0],"3":[0,0],"4":[0,0],"5":[0,0],"6":[0,0]},"_coverageSchema":"1a1c01bbd47fc00a2c39e90264f33305004495a9","hash":"05fc64552c7f676e10e09be337ef1e6732b626cc"}
,"D:\\MERG_MEAN_STACK\\PRODUCT_MANAGE\\server\\controllers\\providers.js": {"path":"D:\\MERG_MEAN_STACK\\PRODUCT_MANAGE\\server\\controllers\\providers.js","statementMap":{"0":{"start":{"line":1,"column":31},"end":{"line":1,"column":65}},"1":{"start":{"line":3,"column":21},"end":{"line":10,"column":1}},"2":{"start":{"line":4,"column":2},"end":{"line":9,"column":3}},"3":{"start":{"line":5,"column":22},"end":{"line":5,"column":43}},"4":{"start":{"line":6,"column":4},"end":{"line":6,"column":24}},"5":{"start":{"line":8,"column":4},"end":{"line":8,"column":23}},"6":{"start":{"line":12,"column":20},"end":{"line":19,"column":1}},"7":{"start":{"line":13,"column":2},"end":{"line":18,"column":3}},"8":{"start":{"line":14,"column":21},"end":{"line":14,"column":59}},"9":{"start":{"line":15,"column":4},"end":{"line":15,"column":23}},"10":{"start":{"line":17,"column":4},"end":{"line":17,"column":23}},"11":{"start":{"line":21,"column":23},"end":{"line":41,"column":1}},"12":{"start":{"line":22,"column":2},"end":{"line":40,"column":3}},"13":{"start":{"line":23,"column":22},"end":{"line":23,"column":40}},"14":{"start":{"line":24,"column":4},"end":{"line":24,"column":39}},"15":{"start":{"line":25,"column":4},"end":{"line":25,"column":69}},"16":{"start":{"line":25,"column":15},"end":{"line":25,"column":69}},"17":{"start":{"line":26,"column":19},"end":{"line":33,"column":6}},"18":{"start":{"line":35,"column":4},"end":{"line":35,"column":26}},"19":{"start":{"line":36,"column":4},"end":{"line":36,"column":23}},"20":{"start":{"line":39,"column":4},"end":{"line":39,"column":49}},"21":{"start":{"line":43,"column":23},"end":{"line":64,"column":1}},"22":{"start":{"line":44,"column":2},"end":{"line":63,"column":3}},"23":{"start":{"line":45,"column":22},"end":{"line":45,"column":40}},"24":{"start":{"line":46,"column":4},"end":{"line":46,"column":69}},"25":{"start":{"line":46,"column":15},"end":{"line":46,"column":69}},"26":{"start":{"line":47,"column":21},"end":{"line":53,"column":5}},"27":{"start":{"line":55,"column":4},"end":{"line":58,"column":63}},"28":{"start":{"line":56,"column":6},"end":{"line":58,"column":63}},"29":{"start":{"line":60,"column":4},"end":{"line":60,"column":23}},"30":{"start":{"line":62,"column":4},"end":{"line":62,"column":23}},"31":{"start":{"line":66,"column":23},"end":{"line":76,"column":1}},"32":{"start":{"line":67,"column":2},"end":{"line":75,"column":3}},"33":{"start":{"line":68,"column":21},"end":{"line":68,"column":67}},"34":{"start":{"line":69,"column":4},"end":{"line":71,"column":5}},"35":{"start":{"line":70,"column":6},"end":{"line":70,"column":80}},"36":{"start":{"line":72,"column":4},"end":{"line":72,"column":23}},"37":{"start":{"line":74,"column":4},"end":{"line":74,"column":23}},"38":{"start":{"line":78,"column":0},"end":{"line":84,"column":2}}},"fnMap":{"0":{"name":"(anonymous_0)","decl":{"start":{"line":3,"column":21},"end":{"line":3,"column":22}},"loc":{"start":{"line":3,"column":41},"end":{"line":10,"column":1}},"line":3},"1":{"name":"(anonymous_1)","decl":{"start":{"line":12,"column":20},"end":{"line":12,"column":21}},"loc":{"start":{"line":12,"column":40},"end":{"line":19,"column":1}},"line":12},"2":{"name":"(anonymous_2)","decl":{"start":{"line":21,"column":23},"end":{"line":21,"column":24}},"loc":{"start":{"line":21,"column":43},"end":{"line":41,"column":1}},"line":21},"3":{"name":"(anonymous_3)","decl":{"start":{"line":43,"column":23},"end":{"line":43,"column":24}},"loc":{"start":{"line":43,"column":43},"end":{"line":64,"column":1}},"line":43},"4":{"name":"(anonymous_4)","decl":{"start":{"line":66,"column":23},"end":{"line":66,"column":24}},"loc":{"start":{"line":66,"column":43},"end":{"line":76,"column":1}},"line":66}},"branchMap":{"0":{"loc":{"start":{"line":25,"column":4},"end":{"line":25,"column":69}},"type":"if","locations":[{"start":{"line":25,"column":4},"end":{"line":25,"column":69}},{"start":{"line":25,"column":4},"end":{"line":25,"column":69}}],"line":25},"1":{"loc":{"start":{"line":46,"column":4},"end":{"line":46,"column":69}},"type":"if","locations":[{"start":{"line":46,"column":4},"end":{"line":46,"column":69}},{"start":{"line":46,"column":4},"end":{"line":46,"column":69}}],"line":46},"2":{"loc":{"start":{"line":55,"column":4},"end":{"line":58,"column":63}},"type":"if","locations":[{"start":{"line":55,"column":4},"end":{"line":58,"column":63}},{"start":{"line":55,"column":4},"end":{"line":58,"column":63}}],"line":55},"3":{"loc":{"start":{"line":69,"column":4},"end":{"line":71,"column":5}},"type":"if","locations":[{"start":{"line":69,"column":4},"end":{"line":71,"column":5}},{"start":{"line":69,"column":4},"end":{"line":71,"column":5}}],"line":69}},"s":{"0":2,"1":2,"2":0,"3":0,"4":0,"5":0,"6":2,"7":0,"8":0,"9":0,"10":0,"11":2,"12":0,"13":0,"14":0,"15":0,"16":0,"17":0,"18":0,"19":0,"20":0,"21":2,"22":0,"23":0,"24":0,"25":0,"26":0,"27":0,"28":0,"29":0,"30":0,"31":2,"32":0,"33":0,"34":0,"35":0,"36":0,"37":0,"38":2},"f":{"0":0,"1":0,"2":0,"3":0,"4":0},"b":{"0":[0,0],"1":[0,0],"2":[0,0],"3":[0,0]},"_coverageSchema":"1a1c01bbd47fc00a2c39e90264f33305004495a9","hash":"cd75877c988397b65e5182e3d022500aa7f75a71"}
,"D:\\MERG_MEAN_STACK\\PRODUCT_MANAGE\\server\\controllers\\users.js": {"path":"D:\\MERG_MEAN_STACK\\PRODUCT_MANAGE\\server\\controllers\\users.js","statementMap":{"0":{"start":{"line":1,"column":27},"end":{"line":1,"column":55}},"1":{"start":{"line":2,"column":15},"end":{"line":2,"column":32}},"2":{"start":{"line":3,"column":10},"end":{"line":3,"column":27}},"3":{"start":{"line":5,"column":23},"end":{"line":13,"column":1}},"4":{"start":{"line":7,"column":2},"end":{"line":12,"column":3}},"5":{"start":{"line":8,"column":17},"end":{"line":8,"column":70}},"6":{"start":{"line":9,"column":4},"end":{"line":9,"column":19}},"7":{"start":{"line":11,"column":4},"end":{"line":11,"column":49}},"8":{"start":{"line":15,"column":19},"end":{"line":40,"column":1}},"9":{"start":{"line":16,"column":2},"end":{"line":39,"column":3}},"10":{"start":{"line":17,"column":22},"end":{"line":17,"column":40}},"11":{"start":{"line":18,"column":4},"end":{"line":18,"column":69}},"12":{"start":{"line":18,"column":15},"end":{"line":18,"column":69}},"13":{"start":{"line":20,"column":15},"end":{"line":20,"column":60}},"14":{"start":{"line":21,"column":4},"end":{"line":21,"column":69}},"15":{"start":{"line":21,"column":14},"end":{"line":21,"column":69}},"16":{"start":{"line":23,"column":4},"end":{"line":27,"column":7}},"17":{"start":{"line":29,"column":17},"end":{"line":29,"column":41}},"18":{"start":{"line":30,"column":4},"end":{"line":30,"column":59}},"19":{"start":{"line":31,"column":4},"end":{"line":31,"column":22}},"20":{"start":{"line":32,"column":18},"end":{"line":32,"column":42}},"21":{"start":{"line":33,"column":4},"end":{"line":35,"column":52}},"22":{"start":{"line":37,"column":4},"end":{"line":37,"column":49}},"23":{"start":{"line":38,"column":4},"end":{"line":38,"column":23}},"24":{"start":{"line":42,"column":0},"end":{"line":45,"column":2}}},"fnMap":{"0":{"name":"(anonymous_0)","decl":{"start":{"line":5,"column":23},"end":{"line":5,"column":24}},"loc":{"start":{"line":5,"column":43},"end":{"line":13,"column":1}},"line":5},"1":{"name":"(anonymous_1)","decl":{"start":{"line":15,"column":19},"end":{"line":15,"column":20}},"loc":{"start":{"line":15,"column":39},"end":{"line":40,"column":1}},"line":15}},"branchMap":{"0":{"loc":{"start":{"line":18,"column":4},"end":{"line":18,"column":69}},"type":"if","locations":[{"start":{"line":18,"column":4},"end":{"line":18,"column":69}},{"start":{"line":18,"column":4},"end":{"line":18,"column":69}}],"line":18},"1":{"loc":{"start":{"line":21,"column":4},"end":{"line":21,"column":69}},"type":"if","locations":[{"start":{"line":21,"column":4},"end":{"line":21,"column":69}},{"start":{"line":21,"column":4},"end":{"line":21,"column":69}}],"line":21}},"s":{"0":2,"1":2,"2":2,"3":2,"4":0,"5":0,"6":0,"7":0,"8":2,"9":0,"10":0,"11":0,"12":0,"13":0,"14":0,"15":0,"16":0,"17":0,"18":0,"19":0,"20":0,"21":0,"22":0,"23":0,"24":2},"f":{"0":0,"1":0},"b":{"0":[0,0],"1":[0,0]},"_coverageSchema":"1a1c01bbd47fc00a2c39e90264f33305004495a9","hash":"6b058efe1f470b6397d2aa97cfa90bab98f9de4a"}
,"D:\\MERG_MEAN_STACK\\PRODUCT_MANAGE\\server\\functions\\db.js": {"path":"D:\\MERG_MEAN_STACK\\PRODUCT_MANAGE\\server\\functions\\db.js","statementMap":{"0":{"start":{"line":1,"column":0},"end":{"line":4,"column":2}},"1":{"start":{"line":2,"column":2},"end":{"line":2,"column":52}},"2":{"start":{"line":3,"column":2},"end":{"line":3,"column":32}},"3":{"start":{"line":6,"column":0},"end":{"line":11,"column":2}},"4":{"start":{"line":7,"column":2},"end":{"line":10,"column":5}},"5":{"start":{"line":8,"column":4},"end":{"line":8,"column":54}},"6":{"start":{"line":9,"column":4},"end":{"line":9,"column":36}}},"fnMap":{"0":{"name":"(anonymous_0)","decl":{"start":{"line":1,"column":33},"end":{"line":1,"column":34}},"loc":{"start":{"line":1,"column":47},"end":{"line":4,"column":1}},"line":1},"1":{"name":"(anonymous_1)","decl":{"start":{"line":6,"column":29},"end":{"line":6,"column":30}},"loc":{"start":{"line":6,"column":49},"end":{"line":11,"column":1}},"line":6},"2":{"name":"(anonymous_2)","decl":{"start":{"line":7,"column":21},"end":{"line":7,"column":22}},"loc":{"start":{"line":7,"column":42},"end":{"line":10,"column":3}},"line":7}},"branchMap":{},"s":{"0":1,"1":0,"2":0,"3":1,"4":0,"5":0,"6":0},"f":{"0":0,"1":0,"2":0},"b":{},"_coverageSchema":"1a1c01bbd47fc00a2c39e90264f33305004495a9","hash":"a43451e978c6a3d6314ff02597004301148b3f65"}
,"D:\\MERG_MEAN_STACK\\PRODUCT_MANAGE\\server\\functions\\function1.js": {"path":"D:\\MERG_MEAN_STACK\\PRODUCT_MANAGE\\server\\functions\\function1.js","statementMap":{"0":{"start":{"line":1,"column":0},"end":{"line":8,"column":2}},"1":{"start":{"line":2,"column":2},"end":{"line":2,"column":77}},"2":{"start":{"line":2,"column":33},"end":{"line":2,"column":77}},"3":{"start":{"line":3,"column":2},"end":{"line":3,"column":60}},"4":{"start":{"line":3,"column":42},"end":{"line":3,"column":60}},"5":{"start":{"line":4,"column":2},"end":{"line":4,"column":37}},"6":{"start":{"line":4,"column":23},"end":{"line":4,"column":37}},"7":{"start":{"line":5,"column":2},"end":{"line":5,"column":37}},"8":{"start":{"line":5,"column":23},"end":{"line":5,"column":37}},"9":{"start":{"line":7,"column":2},"end":{"line":7,"column":15}}},"fnMap":{"0":{"name":"(anonymous_0)","decl":{"start":{"line":1,"column":26},"end":{"line":1,"column":27}},"loc":{"start":{"line":1,"column":43},"end":{"line":8,"column":1}},"line":1}},"branchMap":{"0":{"loc":{"start":{"line":2,"column":2},"end":{"line":2,"column":77}},"type":"if","locations":[{"start":{"line":2,"column":2},"end":{"line":2,"column":77}},{"start":{"line":2,"column":2},"end":{"line":2,"column":77}}],"line":2},"1":{"loc":{"start":{"line":3,"column":2},"end":{"line":3,"column":60}},"type":"if","locations":[{"start":{"line":3,"column":2},"end":{"line":3,"column":60}},{"start":{"line":3,"column":2},"end":{"line":3,"column":60}}],"line":3},"2":{"loc":{"start":{"line":3,"column":6},"end":{"line":3,"column":40}},"type":"binary-expr","locations":[{"start":{"line":3,"column":6},"end":{"line":3,"column":21}},{"start":{"line":3,"column":25},"end":{"line":3,"column":40}}],"line":3},"3":{"loc":{"start":{"line":4,"column":2},"end":{"line":4,"column":37}},"type":"if","locations":[{"start":{"line":4,"column":2},"end":{"line":4,"column":37}},{"start":{"line":4,"column":2},"end":{"line":4,"column":37}}],"line":4},"4":{"loc":{"start":{"line":5,"column":2},"end":{"line":5,"column":37}},"type":"if","locations":[{"start":{"line":5,"column":2},"end":{"line":5,"column":37}},{"start":{"line":5,"column":2},"end":{"line":5,"column":37}}],"line":5}},"s":{"0":1,"1":7,"2":4,"3":3,"4":1,"5":2,"6":1,"7":1,"8":1,"9":0},"f":{"0":7},"b":{"0":[4,3],"1":[1,2],"2":[3,2],"3":[1,1],"4":[1,0]},"_coverageSchema":"1a1c01bbd47fc00a2c39e90264f33305004495a9","hash":"89cc8b70f748644b028f0c975e22fa85845110bb"}
,"D:\\MERG_MEAN_STACK\\PRODUCT_MANAGE\\server\\functions\\function2.js": {"path":"D:\\MERG_MEAN_STACK\\PRODUCT_MANAGE\\server\\functions\\function2.js","statementMap":{"0":{"start":{"line":1,"column":11},"end":{"line":1,"column":26}},"1":{"start":{"line":4,"column":0},"end":{"line":7,"column":2}},"2":{"start":{"line":5,"column":19},"end":{"line":5,"column":55}},"3":{"start":{"line":6,"column":2},"end":{"line":6,"column":52}},"4":{"start":{"line":6,"column":28},"end":{"line":6,"column":52}}},"fnMap":{"0":{"name":"(anonymous_0)","decl":{"start":{"line":4,"column":31},"end":{"line":4,"column":32}},"loc":{"start":{"line":4,"column":48},"end":{"line":7,"column":1}},"line":4}},"branchMap":{"0":{"loc":{"start":{"line":6,"column":2},"end":{"line":6,"column":52}},"type":"if","locations":[{"start":{"line":6,"column":2},"end":{"line":6,"column":52}},{"start":{"line":6,"column":2},"end":{"line":6,"column":52}}],"line":6}},"s":{"0":1,"1":1,"2":1,"3":1,"4":1},"f":{"0":1},"b":{"0":[1,0]},"_coverageSchema":"1a1c01bbd47fc00a2c39e90264f33305004495a9","hash":"c761a8ceb889ce27ef0b835514c599492e45c89e"}
,"D:\\MERG_MEAN_STACK\\PRODUCT_MANAGE\\server\\middlewares\\admin.js": {"path":"D:\\MERG_MEAN_STACK\\PRODUCT_MANAGE\\server\\middlewares\\admin.js","statementMap":{"0":{"start":{"line":5,"column":2},"end":{"line":5,"column":71}},"1":{"start":{"line":5,"column":25},"end":{"line":5,"column":71}},"2":{"start":{"line":6,"column":2},"end":{"line":6,"column":9}},"3":{"start":{"line":10,"column":2},"end":{"line":11,"column":50}},"4":{"start":{"line":11,"column":4},"end":{"line":11,"column":50}},"5":{"start":{"line":12,"column":2},"end":{"line":12,"column":9}},"6":{"start":{"line":16,"column":2},"end":{"line":17,"column":50}},"7":{"start":{"line":17,"column":4},"end":{"line":17,"column":50}},"8":{"start":{"line":18,"column":2},"end":{"line":18,"column":9}},"9":{"start":{"line":21,"column":0},"end":{"line":25,"column":2}}},"fnMap":{"0":{"name":"admin","decl":{"start":{"line":2,"column":9},"end":{"line":2,"column":14}},"loc":{"start":{"line":2,"column":31},"end":{"line":7,"column":1}},"line":2},"1":{"name":"provider","decl":{"start":{"line":9,"column":9},"end":{"line":9,"column":17}},"loc":{"start":{"line":9,"column":34},"end":{"line":13,"column":1}},"line":9},"2":{"name":"customer","decl":{"start":{"line":15,"column":9},"end":{"line":15,"column":17}},"loc":{"start":{"line":15,"column":34},"end":{"line":19,"column":1}},"line":15}},"branchMap":{"0":{"loc":{"start":{"line":5,"column":2},"end":{"line":5,"column":71}},"type":"if","locations":[{"start":{"line":5,"column":2},"end":{"line":5,"column":71}},{"start":{"line":5,"column":2},"end":{"line":5,"column":71}}],"line":5},"1":{"loc":{"start":{"line":10,"column":2},"end":{"line":11,"column":50}},"type":"if","locations":[{"start":{"line":10,"column":2},"end":{"line":11,"column":50}},{"start":{"line":10,"column":2},"end":{"line":11,"column":50}}],"line":10},"2":{"loc":{"start":{"line":16,"column":2},"end":{"line":17,"column":50}},"type":"if","locations":[{"start":{"line":16,"column":2},"end":{"line":17,"column":50}},{"start":{"line":16,"column":2},"end":{"line":17,"column":50}}],"line":16}},"s":{"0":0,"1":0,"2":0,"3":0,"4":0,"5":0,"6":0,"7":0,"8":0,"9":2},"f":{"0":0,"1":0,"2":0},"b":{"0":[0,0],"1":[0,0],"2":[0,0]},"_coverageSchema":"1a1c01bbd47fc00a2c39e90264f33305004495a9","hash":"3d7f524a2e4099663de07ad3a8cfd8f96f2b8eb4"}
,"D:\\MERG_MEAN_STACK\\PRODUCT_MANAGE\\server\\middlewares\\auth.js": {"path":"D:\\MERG_MEAN_STACK\\PRODUCT_MANAGE\\server\\middlewares\\auth.js","statementMap":{"0":{"start":{"line":1,"column":12},"end":{"line":1,"column":35}},"1":{"start":{"line":2,"column":15},"end":{"line":2,"column":32}},"2":{"start":{"line":3,"column":0},"end":{"line":3,"column":16}},"3":{"start":{"line":6,"column":0},"end":{"line":17,"column":2}},"4":{"start":{"line":7,"column":16},"end":{"line":7,"column":42}},"5":{"start":{"line":8,"column":2},"end":{"line":8,"column":79}},"6":{"start":{"line":8,"column":14},"end":{"line":8,"column":79}},"7":{"start":{"line":10,"column":2},"end":{"line":16,"column":3}},"8":{"start":{"line":11,"column":27},"end":{"line":11,"column":68}},"9":{"start":{"line":12,"column":4},"end":{"line":12,"column":30}},"10":{"start":{"line":13,"column":4},"end":{"line":13,"column":11}},"11":{"start":{"line":15,"column":4},"end":{"line":15,"column":43}}},"fnMap":{"0":{"name":"(anonymous_0)","decl":{"start":{"line":6,"column":17},"end":{"line":6,"column":18}},"loc":{"start":{"line":6,"column":43},"end":{"line":17,"column":1}},"line":6}},"branchMap":{"0":{"loc":{"start":{"line":8,"column":2},"end":{"line":8,"column":79}},"type":"if","locations":[{"start":{"line":8,"column":2},"end":{"line":8,"column":79}},{"start":{"line":8,"column":2},"end":{"line":8,"column":79}}],"line":8}},"s":{"0":3,"1":3,"2":3,"3":3,"4":8,"5":8,"6":2,"7":6,"8":6,"9":5,"10":5,"11":1},"f":{"0":8},"b":{"0":[2,6]},"_coverageSchema":"1a1c01bbd47fc00a2c39e90264f33305004495a9","hash":"49fd2419fd8996cdff963923e22992927a943371"}
,"D:\\MERG_MEAN_STACK\\PRODUCT_MANAGE\\server\\middlewares\\errors.js": {"path":"D:\\MERG_MEAN_STACK\\PRODUCT_MANAGE\\server\\middlewares\\errors.js","statementMap":{"0":{"start":{"line":2,"column":2},"end":{"line":2,"column":44}},"1":{"start":{"line":5,"column":0},"end":{"line":5,"column":28}}},"fnMap":{"0":{"name":"errors","decl":{"start":{"line":1,"column":9},"end":{"line":1,"column":15}},"loc":{"start":{"line":1,"column":36},"end":{"line":3,"column":1}},"line":1}},"branchMap":{},"s":{"0":0,"1":2},"f":{"0":0},"b":{},"_coverageSchema":"1a1c01bbd47fc00a2c39e90264f33305004495a9","hash":"b05a213060a13ae0d92efffffd59466aa7954187"}
,"D:\\MERG_MEAN_STACK\\PRODUCT_MANAGE\\server\\middlewares\\validateObjectId.js": {"path":"D:\\MERG_MEAN_STACK\\PRODUCT_MANAGE\\server\\middlewares\\validateObjectId.js","statementMap":{"0":{"start":{"line":1,"column":17},"end":{"line":1,"column":36}},"1":{"start":{"line":3,"column":0},"end":{"line":8,"column":2}},"2":{"start":{"line":4,"column":2},"end":{"line":5,"column":46}},"3":{"start":{"line":5,"column":4},"end":{"line":5,"column":46}},"4":{"start":{"line":7,"column":2},"end":{"line":7,"column":9}}},"fnMap":{"0":{"name":"(anonymous_0)","decl":{"start":{"line":3,"column":17},"end":{"line":3,"column":18}},"loc":{"start":{"line":3,"column":43},"end":{"line":8,"column":1}},"line":3}},"branchMap":{"0":{"loc":{"start":{"line":4,"column":2},"end":{"line":5,"column":46}},"type":"if","locations":[{"start":{"line":4,"column":2},"end":{"line":5,"column":46}},{"start":{"line":4,"column":2},"end":{"line":5,"column":46}}],"line":4}},"s":{"0":2,"1":2,"2":3,"3":1,"4":2},"f":{"0":3},"b":{"0":[1,2]},"_coverageSchema":"1a1c01bbd47fc00a2c39e90264f33305004495a9","hash":"4ff05c044269543e701453b05cb35f5e257ed49a"}
,"D:\\MERG_MEAN_STACK\\PRODUCT_MANAGE\\server\\models\\comment.js": {"path":"D:\\MERG_MEAN_STACK\\PRODUCT_MANAGE\\server\\models\\comment.js","statementMap":{"0":{"start":{"line":1,"column":17},"end":{"line":1,"column":36}},"1":{"start":{"line":2,"column":12},"end":{"line":2,"column":26}},"2":{"start":{"line":4,"column":22},"end":{"line":16,"column":2}},"3":{"start":{"line":18,"column":16},"end":{"line":18,"column":56}},"4":{"start":{"line":21,"column":17},"end":{"line":25,"column":4}},"5":{"start":{"line":27,"column":2},"end":{"line":27,"column":34}},"6":{"start":{"line":30,"column":0},"end":{"line":30,"column":26}},"7":{"start":{"line":31,"column":0},"end":{"line":31,"column":38}},"8":{"start":{"line":32,"column":0},"end":{"line":32,"column":35}}},"fnMap":{"0":{"name":"validateComment","decl":{"start":{"line":20,"column":9},"end":{"line":20,"column":24}},"loc":{"start":{"line":20,"column":34},"end":{"line":28,"column":1}},"line":20}},"branchMap":{},"s":{"0":2,"1":2,"2":2,"3":2,"4":4,"5":4,"6":2,"7":2,"8":2},"f":{"0":4},"b":{},"_coverageSchema":"1a1c01bbd47fc00a2c39e90264f33305004495a9","hash":"435eb97434271167253efeba18d6a6b0eb04d113"}
,"D:\\MERG_MEAN_STACK\\PRODUCT_MANAGE\\server\\models\\ingredient.js": {"path":"D:\\MERG_MEAN_STACK\\PRODUCT_MANAGE\\server\\models\\ingredient.js","statementMap":{"0":{"start":{"line":1,"column":17},"end":{"line":1,"column":36}},"1":{"start":{"line":2,"column":12},"end":{"line":2,"column":26}},"2":{"start":{"line":4,"column":25},"end":{"line":12,"column":2}},"3":{"start":{"line":14,"column":19},"end":{"line":14,"column":65}},"4":{"start":{"line":17,"column":17},"end":{"line":20,"column":4}},"5":{"start":{"line":22,"column":2},"end":{"line":22,"column":37}},"6":{"start":{"line":25,"column":0},"end":{"line":25,"column":32}},"7":{"start":{"line":26,"column":0},"end":{"line":26,"column":44}},"8":{"start":{"line":27,"column":0},"end":{"line":27,"column":38}}},"fnMap":{"0":{"name":"validateIngredient","decl":{"start":{"line":16,"column":9},"end":{"line":16,"column":27}},"loc":{"start":{"line":16,"column":40},"end":{"line":23,"column":1}},"line":16}},"branchMap":{},"s":{"0":2,"1":2,"2":2,"3":2,"4":0,"5":0,"6":2,"7":2,"8":2},"f":{"0":0},"b":{},"_coverageSchema":"1a1c01bbd47fc00a2c39e90264f33305004495a9","hash":"441549fe631f4262f17b73a6f5baffd78bd3323e"}
,"D:\\MERG_MEAN_STACK\\PRODUCT_MANAGE\\server\\models\\product.js": {"path":"D:\\MERG_MEAN_STACK\\PRODUCT_MANAGE\\server\\models\\product.js","statementMap":{"0":{"start":{"line":1,"column":17},"end":{"line":1,"column":36}},"1":{"start":{"line":2,"column":12},"end":{"line":2,"column":26}},"2":{"start":{"line":3,"column":26},"end":{"line":3,"column":46}},"3":{"start":{"line":4,"column":29},"end":{"line":4,"column":52}},"4":{"start":{"line":6,"column":22},"end":{"line":51,"column":2}},"5":{"start":{"line":53,"column":16},"end":{"line":53,"column":56}},"6":{"start":{"line":56,"column":17},"end":{"line":67,"column":4}},"7":{"start":{"line":69,"column":2},"end":{"line":69,"column":34}},"8":{"start":{"line":72,"column":0},"end":{"line":72,"column":26}},"9":{"start":{"line":73,"column":0},"end":{"line":73,"column":38}},"10":{"start":{"line":74,"column":0},"end":{"line":74,"column":35}}},"fnMap":{"0":{"name":"validateProduct","decl":{"start":{"line":55,"column":9},"end":{"line":55,"column":24}},"loc":{"start":{"line":55,"column":34},"end":{"line":70,"column":1}},"line":55}},"branchMap":{},"s":{"0":2,"1":2,"2":2,"3":2,"4":2,"5":2,"6":0,"7":0,"8":2,"9":2,"10":2},"f":{"0":0},"b":{},"_coverageSchema":"1a1c01bbd47fc00a2c39e90264f33305004495a9","hash":"94e100dd0c5f4bb6d08f1cff6e6909b6875e4984"}
,"D:\\MERG_MEAN_STACK\\PRODUCT_MANAGE\\server\\models\\provider.js": {"path":"D:\\MERG_MEAN_STACK\\PRODUCT_MANAGE\\server\\models\\provider.js","statementMap":{"0":{"start":{"line":1,"column":17},"end":{"line":1,"column":36}},"1":{"start":{"line":2,"column":12},"end":{"line":2,"column":26}},"2":{"start":{"line":4,"column":26},"end":{"line":4,"column":46}},"3":{"start":{"line":6,"column":23},"end":{"line":33,"column":2}},"4":{"start":{"line":35,"column":17},"end":{"line":35,"column":59}},"5":{"start":{"line":38,"column":17},"end":{"line":45,"column":4}},"6":{"start":{"line":47,"column":2},"end":{"line":47,"column":35}},"7":{"start":{"line":50,"column":0},"end":{"line":50,"column":28}},"8":{"start":{"line":51,"column":0},"end":{"line":51,"column":40}},"9":{"start":{"line":52,"column":0},"end":{"line":52,"column":36}}},"fnMap":{"0":{"name":"validateProvider","decl":{"start":{"line":37,"column":9},"end":{"line":37,"column":25}},"loc":{"start":{"line":37,"column":36},"end":{"line":48,"column":1}},"line":37}},"branchMap":{},"s":{"0":2,"1":2,"2":2,"3":2,"4":2,"5":0,"6":0,"7":2,"8":2,"9":2},"f":{"0":0},"b":{},"_coverageSchema":"1a1c01bbd47fc00a2c39e90264f33305004495a9","hash":"ad25311311fb50257d09c5df5cbc13769482024d"}
,"D:\\MERG_MEAN_STACK\\PRODUCT_MANAGE\\server\\models\\user.js": {"path":"D:\\MERG_MEAN_STACK\\PRODUCT_MANAGE\\server\\models\\user.js","statementMap":{"0":{"start":{"line":1,"column":12},"end":{"line":1,"column":26}},"1":{"start":{"line":2,"column":17},"end":{"line":2,"column":36}},"2":{"start":{"line":3,"column":12},"end":{"line":3,"column":35}},"3":{"start":{"line":4,"column":27},"end":{"line":4,"column":69}},"4":{"start":{"line":6,"column":26},"end":{"line":14,"column":1}},"5":{"start":{"line":16,"column":19},"end":{"line":39,"column":2}},"6":{"start":{"line":41,"column":0},"end":{"line":51,"column":2}},"7":{"start":{"line":46,"column":16},"end":{"line":49,"column":3}},"8":{"start":{"line":50,"column":2},"end":{"line":50,"column":15}},"9":{"start":{"line":53,"column":13},"end":{"line":53,"column":47}},"10":{"start":{"line":56,"column":17},"end":{"line":60,"column":4}},"11":{"start":{"line":62,"column":2},"end":{"line":62,"column":31}},"12":{"start":{"line":65,"column":0},"end":{"line":65,"column":20}},"13":{"start":{"line":66,"column":0},"end":{"line":66,"column":32}},"14":{"start":{"line":67,"column":0},"end":{"line":67,"column":32}}},"fnMap":{"0":{"name":"(anonymous_0)","decl":{"start":{"line":41,"column":39},"end":{"line":41,"column":40}},"loc":{"start":{"line":41,"column":51},"end":{"line":51,"column":1}},"line":41},"1":{"name":"validateUser","decl":{"start":{"line":55,"column":9},"end":{"line":55,"column":21}},"loc":{"start":{"line":55,"column":28},"end":{"line":63,"column":1}},"line":55}},"branchMap":{},"s":{"0":3,"1":3,"2":3,"3":3,"4":3,"5":3,"6":3,"7":8,"8":8,"9":3,"10":0,"11":0,"12":3,"13":3,"14":3},"f":{"0":8,"1":0},"b":{},"_coverageSchema":"1a1c01bbd47fc00a2c39e90264f33305004495a9","hash":"1bce497909d9b5ac4251eefc05d2ebc28d30bcba"}
,"D:\\MERG_MEAN_STACK\\PRODUCT_MANAGE\\server\\routes\\auth.js": {"path":"D:\\MERG_MEAN_STACK\\PRODUCT_MANAGE\\server\\routes\\auth.js","statementMap":{"0":{"start":{"line":1,"column":16},"end":{"line":1,"column":34}},"1":{"start":{"line":2,"column":25},"end":{"line":2,"column":58}},"2":{"start":{"line":3,"column":18},"end":{"line":3,"column":54}},"3":{"start":{"line":5,"column":15},"end":{"line":5,"column":31}},"4":{"start":{"line":7,"column":0},"end":{"line":7,"column":31}},"5":{"start":{"line":9,"column":0},"end":{"line":9,"column":24}}},"fnMap":{},"branchMap":{},"s":{"0":2,"1":2,"2":2,"3":2,"4":2,"5":2},"f":{},"b":{},"_coverageSchema":"1a1c01bbd47fc00a2c39e90264f33305004495a9","hash":"e9e27a43ac0ab035414a0a704d7dff37c530f6df"}
,"D:\\MERG_MEAN_STACK\\PRODUCT_MANAGE\\server\\routes\\comments.js": {"path":"D:\\MERG_MEAN_STACK\\PRODUCT_MANAGE\\server\\routes\\comments.js","statementMap":{"0":{"start":{"line":1,"column":16},"end":{"line":1,"column":34}},"1":{"start":{"line":2,"column":13},"end":{"line":2,"column":45}},"2":{"start":{"line":3,"column":25},"end":{"line":3,"column":69}},"3":{"start":{"line":10,"column":4},"end":{"line":10,"column":38}},"4":{"start":{"line":12,"column":15},"end":{"line":12,"column":31}},"5":{"start":{"line":14,"column":0},"end":{"line":14,"column":29}},"6":{"start":{"line":15,"column":0},"end":{"line":15,"column":49}},"7":{"start":{"line":51,"column":0},"end":{"line":51,"column":38}},"8":{"start":{"line":52,"column":0},"end":{"line":52,"column":34}},"9":{"start":{"line":53,"column":0},"end":{"line":53,"column":37}},"10":{"start":{"line":55,"column":0},"end":{"line":55,"column":24}}},"fnMap":{},"branchMap":{},"s":{"0":2,"1":2,"2":2,"3":2,"4":2,"5":2,"6":2,"7":2,"8":2,"9":2,"10":2},"f":{},"b":{},"_coverageSchema":"1a1c01bbd47fc00a2c39e90264f33305004495a9","hash":"87ec2d6b8a1ffc59ff158525b8ee5b90a7aff2f4"}
,"D:\\MERG_MEAN_STACK\\PRODUCT_MANAGE\\server\\routes\\ingredients.js": {"path":"D:\\MERG_MEAN_STACK\\PRODUCT_MANAGE\\server\\routes\\ingredients.js","statementMap":{"0":{"start":{"line":1,"column":16},"end":{"line":1,"column":34}},"1":{"start":{"line":8,"column":4},"end":{"line":8,"column":41}},"2":{"start":{"line":10,"column":15},"end":{"line":10,"column":31}},"3":{"start":{"line":12,"column":0},"end":{"line":12,"column":32}},"4":{"start":{"line":13,"column":0},"end":{"line":13,"column":34}},"5":{"start":{"line":14,"column":0},"end":{"line":14,"column":35}},"6":{"start":{"line":15,"column":0},"end":{"line":15,"column":38}},"7":{"start":{"line":16,"column":0},"end":{"line":16,"column":38}},"8":{"start":{"line":18,"column":0},"end":{"line":18,"column":24}}},"fnMap":{},"branchMap":{},"s":{"0":2,"1":2,"2":2,"3":2,"4":2,"5":2,"6":2,"7":2,"8":2},"f":{},"b":{},"_coverageSchema":"1a1c01bbd47fc00a2c39e90264f33305004495a9","hash":"098197b62fec2d472cf9d6049ad10e2116b2cf30"}
,"D:\\MERG_MEAN_STACK\\PRODUCT_MANAGE\\server\\routes\\products.js": {"path":"D:\\MERG_MEAN_STACK\\PRODUCT_MANAGE\\server\\routes\\products.js","statementMap":{"0":{"start":{"line":1,"column":16},"end":{"line":1,"column":34}},"1":{"start":{"line":2,"column":15},"end":{"line":2,"column":31}},"2":{"start":{"line":11,"column":4},"end":{"line":11,"column":43}},"3":{"start":{"line":12,"column":13},"end":{"line":12,"column":48}},"4":{"start":{"line":13,"column":18},"end":{"line":13,"column":54}},"5":{"start":{"line":15,"column":0},"end":{"line":15,"column":29}},"6":{"start":{"line":16,"column":0},"end":{"line":16,"column":31}},"7":{"start":{"line":66,"column":0},"end":{"line":66,"column":38}},"8":{"start":{"line":67,"column":0},"end":{"line":67,"column":41}},"9":{"start":{"line":68,"column":0},"end":{"line":68,"column":47}},"10":{"start":{"line":70,"column":0},"end":{"line":70,"column":37}},"11":{"start":{"line":72,"column":0},"end":{"line":72,"column":24}}},"fnMap":{},"branchMap":{},"s":{"0":2,"1":2,"2":2,"3":2,"4":2,"5":2,"6":2,"7":2,"8":2,"9":2,"10":2,"11":2},"f":{},"b":{},"_coverageSchema":"1a1c01bbd47fc00a2c39e90264f33305004495a9","hash":"a686b75967b5a99677bf46e6cc9f8adaa3cd600a"}
,"D:\\MERG_MEAN_STACK\\PRODUCT_MANAGE\\server\\routes\\providers.js": {"path":"D:\\MERG_MEAN_STACK\\PRODUCT_MANAGE\\server\\routes\\providers.js","statementMap":{"0":{"start":{"line":1,"column":16},"end":{"line":1,"column":34}},"1":{"start":{"line":8,"column":4},"end":{"line":8,"column":44}},"2":{"start":{"line":10,"column":15},"end":{"line":10,"column":31}},"3":{"start":{"line":12,"column":0},"end":{"line":12,"column":30}},"4":{"start":{"line":13,"column":0},"end":{"line":13,"column":32}},"5":{"start":{"line":14,"column":0},"end":{"line":14,"column":33}},"6":{"start":{"line":15,"column":0},"end":{"line":15,"column":36}},"7":{"start":{"line":16,"column":0},"end":{"line":16,"column":36}},"8":{"start":{"line":18,"column":0},"end":{"line":18,"column":24}}},"fnMap":{},"branchMap":{},"s":{"0":2,"1":2,"2":2,"3":2,"4":2,"5":2,"6":2,"7":2,"8":2},"f":{},"b":{},"_coverageSchema":"1a1c01bbd47fc00a2c39e90264f33305004495a9","hash":"8d4126de5fa15d7882333acfd4d9f079aef84161"}
,"D:\\MERG_MEAN_STACK\\PRODUCT_MANAGE\\server\\routes\\users.js": {"path":"D:\\MERG_MEAN_STACK\\PRODUCT_MANAGE\\server\\routes\\users.js","statementMap":{"0":{"start":{"line":1,"column":16},"end":{"line":1,"column":34}},"1":{"start":{"line":2,"column":39},"end":{"line":2,"column":75}},"2":{"start":{"line":3,"column":15},"end":{"line":3,"column":31}},"3":{"start":{"line":39,"column":0},"end":{"line":39,"column":29}},"4":{"start":{"line":40,"column":0},"end":{"line":40,"column":34}},"5":{"start":{"line":42,"column":0},"end":{"line":42,"column":24}}},"fnMap":{},"branchMap":{},"s":{"0":2,"1":2,"2":2,"3":2,"4":2,"5":2},"f":{},"b":{},"_coverageSchema":"1a1c01bbd47fc00a2c39e90264f33305004495a9","hash":"dae94876466188437a69a7499a4b54838c59f8ce"}
,"D:\\MERG_MEAN_STACK\\PRODUCT_MANAGE\\server\\startup\\db.js": {"path":"D:\\MERG_MEAN_STACK\\PRODUCT_MANAGE\\server\\startup\\db.js","statementMap":{"0":{"start":{"line":1,"column":17},"end":{"line":1,"column":36}},"1":{"start":{"line":3,"column":15},"end":{"line":3,"column":32}},"2":{"start":{"line":4,"column":0},"end":{"line":4,"column":16}},"3":{"start":{"line":7,"column":20},"end":{"line":7,"column":43}},"4":{"start":{"line":9,"column":2},"end":{"line":11,"column":3}},"5":{"start":{"line":10,"column":4},"end":{"line":10,"column":47}},"6":{"start":{"line":12,"column":2},"end":{"line":12,"column":27}},"7":{"start":{"line":13,"column":2},"end":{"line":21,"column":78}},"8":{"start":{"line":20,"column":16},"end":{"line":20,"column":54}},"9":{"start":{"line":21,"column":20},"end":{"line":21,"column":76}},"10":{"start":{"line":24,"column":0},"end":{"line":24,"column":24}}},"fnMap":{"0":{"name":"db","decl":{"start":{"line":6,"column":9},"end":{"line":6,"column":11}},"loc":{"start":{"line":6,"column":14},"end":{"line":22,"column":1}},"line":6},"1":{"name":"(anonymous_1)","decl":{"start":{"line":20,"column":10},"end":{"line":20,"column":11}},"loc":{"start":{"line":20,"column":16},"end":{"line":20,"column":54}},"line":20},"2":{"name":"(anonymous_2)","decl":{"start":{"line":21,"column":11},"end":{"line":21,"column":12}},"loc":{"start":{"line":21,"column":20},"end":{"line":21,"column":76}},"line":21}},"branchMap":{"0":{"loc":{"start":{"line":9,"column":2},"end":{"line":11,"column":3}},"type":"if","locations":[{"start":{"line":9,"column":2},"end":{"line":11,"column":3}},{"start":{"line":9,"column":2},"end":{"line":11,"column":3}}],"line":9}},"s":{"0":2,"1":2,"2":2,"3":2,"4":2,"5":2,"6":2,"7":2,"8":2,"9":0,"10":2},"f":{"0":2,"1":2,"2":0},"b":{"0":[2,0]},"_coverageSchema":"1a1c01bbd47fc00a2c39e90264f33305004495a9","hash":"f222d836a23b78f33f1314ee0dbc201a691312b8"}
,"D:\\MERG_MEAN_STACK\\PRODUCT_MANAGE\\server\\startup\\routes.js": {"path":"D:\\MERG_MEAN_STACK\\PRODUCT_MANAGE\\server\\startup\\routes.js","statementMap":{"0":{"start":{"line":1,"column":13},"end":{"line":1,"column":28}},"1":{"start":{"line":2,"column":16},"end":{"line":2,"column":34}},"2":{"start":{"line":4,"column":18},"end":{"line":4,"column":47}},"3":{"start":{"line":6,"column":21},"end":{"line":6,"column":45}},"4":{"start":{"line":7,"column":17},"end":{"line":7,"column":48}},"5":{"start":{"line":8,"column":14},"end":{"line":8,"column":42}},"6":{"start":{"line":9,"column":20},"end":{"line":9,"column":54}},"7":{"start":{"line":10,"column":17},"end":{"line":10,"column":48}},"8":{"start":{"line":11,"column":18},"end":{"line":11,"column":50}},"9":{"start":{"line":12,"column":13},"end":{"line":12,"column":40}},"10":{"start":{"line":13,"column":14},"end":{"line":13,"column":48}},"11":{"start":{"line":16,"column":18},"end":{"line":32,"column":3}},"12":{"start":{"line":34,"column":22},"end":{"line":34,"column":43}},"13":{"start":{"line":35,"column":2},"end":{"line":35,"column":18}},"14":{"start":{"line":36,"column":2},"end":{"line":36,"column":26}},"15":{"start":{"line":37,"column":2},"end":{"line":37,"column":50}},"16":{"start":{"line":38,"column":2},"end":{"line":38,"column":79}},"17":{"start":{"line":39,"column":2},"end":{"line":39,"column":37}},"18":{"start":{"line":40,"column":2},"end":{"line":40,"column":31}},"19":{"start":{"line":41,"column":2},"end":{"line":41,"column":29}},"20":{"start":{"line":42,"column":2},"end":{"line":42,"column":43}},"21":{"start":{"line":43,"column":2},"end":{"line":43,"column":37}},"22":{"start":{"line":44,"column":2},"end":{"line":44,"column":38}},"23":{"start":{"line":47,"column":0},"end":{"line":47,"column":28}}},"fnMap":{"0":{"name":"routes","decl":{"start":{"line":15,"column":9},"end":{"line":15,"column":15}},"loc":{"start":{"line":15,"column":21},"end":{"line":45,"column":1}},"line":15}},"branchMap":{},"s":{"0":2,"1":2,"2":2,"3":2,"4":2,"5":2,"6":2,"7":2,"8":2,"9":2,"10":2,"11":2,"12":2,"13":2,"14":2,"15":2,"16":2,"17":2,"18":2,"19":2,"20":2,"21":2,"22":2,"23":2},"f":{"0":2},"b":{},"_coverageSchema":"1a1c01bbd47fc00a2c39e90264f33305004495a9","hash":"5d6fe44df5ac137a9c352f1bc8509de5aa2050c0"}
}
